

> @zrr-website/slides@0.0.1 build /Users/zhanrongrui/workspace/zrr1999/sixbones.dev/apps/slides
> astro build

[33m[1m15:26:51[22m [WARN] [vite][39m [33m`resolve.alias` contains an alias with `customResolver` option. This is deprecated and will be removed in Vite 9. Please use a custom plugin with a resolveId hook and `enforce: 'pre'` instead.[39m
[2m15:26:51[22m [34m[types][39m Generated [2m23ms[22m
[2m15:26:51[22m [34m[build][39m output: [34m"static"[39m
[2m15:26:51[22m [34m[build][39m mode: [34m"static"[39m
[2m15:26:51[22m [34m[build][39m directory: [34m/Users/zhanrongrui/workspace/zrr1999/sixbones.dev/apps/slides/dist/[39m
[2m15:26:51[22m [34m[build][39m Collecting build info...
[2m15:26:51[22m [34m[build][39m [32m✓ Completed in 44ms.[39m
[2m15:26:52[22m [34m[build][39m Building static entrypoints...
[33m[1m15:26:52[22m [WARN] [vite][39m [33m`resolve.alias` contains an alias with `customResolver` option. This is deprecated and will be removed in Vite 9. Please use a custom plugin with a resolveId hook and `enforce: 'pre'` instead.[39m
[33m[1m15:26:52[22m [WARN] [vite][39m [33m`resolve.alias` contains an alias with `customResolver` option. This is deprecated and will be removed in Vite 9. Please use a custom plugin with a resolveId hook and `enforce: 'pre'` instead.[39m
[33m[1m15:26:52[22m [WARN] [vite][39m [33m`resolve.alias` contains an alias with `customResolver` option. This is deprecated and will be removed in Vite 9. Please use a custom plugin with a resolveId hook and `enforce: 'pre'` instead.[39m
[33m[1m15:26:52[22m [WARN] [vite][39m [33m`resolve.alias` contains an alias with `customResolver` option. This is deprecated and will be removed in Vite 9. Please use a custom plugin with a resolveId hook and `enforce: 'pre'` instead.[39m
[33m[1m15:26:52[22m [WARN] [vite][39m [33m`resolve.alias` contains an alias with `customResolver` option. This is deprecated and will be removed in Vite 9. Please use a custom plugin with a resolveId hook and `enforce: 'pre'` instead.[39m
[33m`transformWithEsbuild` is deprecated and will be removed in the future. Please migrate to `transformWithOxc`.[39m
[2m15:26:52[22m [34m[vite][39m [32m✓ built in 453ms[39m
[2m15:26:52[22m [34m[vite][39m [32m✓ built in 118ms[39m
[2m15:26:52[22m [34m[build][39m Rearranging server assets...

[42m[30m generating static routes [39m[49m
[2m15:26:52[22m   [34m├─[39m [2m/index.html[22m[31m[1m15:26:52[22m [ERROR][39m TypeError: Cannot read properties of undefined (reading '__H')
    at p (file:///Users/zhanrongrui/workspace/zrr1999/sixbones.dev/node_modules/.pnpm/preact@10.29.1/node_modules/preact/hooks/dist/hooks.mjs:1:164)
    at h (file:///Users/zhanrongrui/workspace/zrr1999/sixbones.dev/node_modules/.pnpm/preact@10.29.1/node_modules/preact/hooks/dist/hooks.mjs:1:293)
    at d (file:///Users/zhanrongrui/workspace/zrr1999/sixbones.dev/node_modules/.pnpm/preact@10.29.1/node_modules/preact/hooks/dist/hooks.mjs:1:262)
    at Object.SlideList (file:///Users/zhanrongrui/workspace/zrr1999/sixbones.dev/apps/slides/dist/.prerender/chunks/index_3NMQo0xk.mjs:28:40)
    at O (file:///Users/zhanrongrui/workspace/zrr1999/sixbones.dev/node_modules/preact-render-to-string/dist/index.mjs:1:5925)
    at file:///Users/zhanrongrui/workspace/zrr1999/sixbones.dev/node_modules/preact-render-to-string/dist/index.mjs:1:3482
    at T (file:///Users/zhanrongrui/workspace/zrr1999/sixbones.dev/node_modules/preact-render-to-string/dist/index.mjs:1:3219)
    at Z (file:///Users/zhanrongrui/workspace/zrr1999/sixbones.dev/node_modules/preact-render-to-string/dist/index.mjs:1:3446)
    at Object.renderToStaticMarkup (file:///Users/zhanrongrui/workspace/zrr1999/sixbones.dev/apps/slides/dist/.prerender/prerender-entry.Bw6ifP9n.mjs:4458:15)
    at renderFrameworkComponent (file:///Users/zhanrongrui/workspace/zrr1999/sixbones.dev/apps/slides/dist/.prerender/chunks/server_BucbwNAL.mjs:1912:62)
[31m[1m15:26:52[22m [ERROR] [build][39m Caught error rendering /: TypeError: Cannot read properties of undefined (reading '__H')
[41m[30m ELIFECYCLE [39m[49m [31mCommand failed.[39m
